12:34:26.729  INFO  manager.ApplicationManager - All tests run in Chrome browser
12:34:31.572  INFO  manager.ApplicationManager - Current Url ---> https://contacts-app.tobbymarshall815.vercel.app/home
12:34:32.359  INFO  tests.TestBase - Start method with name --->removeAllContactsSuccess
12:34:32.402  INFO  manager.MyListener - New Before find by --> By.xpath: //button[text()='Sign Out']
12:34:48.057  INFO  manager.MyListener - WebDriver start find element -->By.cssSelector: a[href='/login']
12:34:49.102  INFO  manager.MyListener - WebDriver start find element -->By.xpath: //input[1]
12:34:51.469  INFO  manager.MyListener - WebDriver start find element -->By.xpath: //input[2]
12:34:52.844  INFO  manager.MyListener - WebDriver start find element -->By.xpath: //button[1]
12:34:53.391  INFO  manager.MyListener - New Before find by --> By.cssSelector: .contact-item_card__2SOIM
12:34:57.620  INFO  manager.MyListener - New Before find by --> By.cssSelector: .contact-item_card__2SOIM
12:34:58.148  INFO  manager.MyListener - WebDriver start find element -->By.cssSelector: .contact-item_card__2SOIM
12:34:59.979  INFO  manager.MyListener - WebDriver start find element -->By.xpath: //button[text()='Remove']
12:35:02.857  INFO  manager.MyListener - New Before find by --> By.cssSelector: .contact-item_card__2SOIM
12:35:03.364  INFO  manager.MyListener - WebDriver start find element -->By.cssSelector: .contact-item_card__2SOIM
12:35:03.771  INFO  manager.MyListener - WebDriver start find element -->By.xpath: //button[text()='Remove']
12:35:06.491  INFO  manager.MyListener - New Before find by --> By.cssSelector: .contact-item_card__2SOIM
12:35:06.902  INFO  manager.MyListener - WebDriver start find element -->By.cssSelector: .contact-item_card__2SOIM
12:35:07.245  INFO  manager.MyListener - WebDriver start find element -->By.xpath: //button[text()='Remove']
12:35:09.832  INFO  manager.MyListener - New Before find by --> By.cssSelector: .contact-item_card__2SOIM
12:35:10.312  INFO  manager.MyListener - WebDriver start find element -->By.cssSelector: .contact-item_card__2SOIM
12:35:10.946  INFO  manager.MyListener - WebDriver start find element -->By.xpath: //button[text()='Remove']
12:35:13.631  INFO  manager.MyListener - New Before find by --> By.cssSelector: .contact-item_card__2SOIM
12:35:14.028  INFO  manager.MyListener - WebDriver start find element -->By.cssSelector: .contact-item_card__2SOIM
12:35:14.616  INFO  manager.MyListener - WebDriver start find element -->By.xpath: //button[text()='Remove']
12:35:17.208  INFO  manager.MyListener - New Before find by --> By.cssSelector: .contact-item_card__2SOIM
12:35:17.409  INFO  manager.MyListener - WebDriver start find element -->By.cssSelector: .contact-item_card__2SOIM
12:35:17.809  INFO  manager.MyListener - WebDriver start find element -->By.xpath: //button[text()='Remove']
12:35:20.492  INFO  manager.MyListener - New Before find by --> By.cssSelector: .contact-item_card__2SOIM
12:35:20.535  INFO  manager.MyListener - WebDriver start find element -->By.cssSelector: .contact-item_card__2SOIM
12:35:20.780  INFO  manager.MyListener - WebDriver start find element -->By.xpath: //button[text()='Remove']
12:35:23.089  INFO  manager.MyListener - New Before find by --> By.cssSelector: .contact-item_card__2SOIM
12:35:28.138  INFO  manager.MyListener - WebDriver start find element -->By.cssSelector: .contact-page_message__2qafk h1
12:35:28.477  INFO  tests.TestBase - Start method with name --->removeOneContactSuccess
12:35:28.481  INFO  manager.MyListener - New Before find by --> By.xpath: //button[text()='Sign Out']
12:35:28.655  INFO  manager.MyListener - New Before find by --> By.cssSelector: .contact-item_card__2SOIM
12:35:34.888  INFO  manager.MyListener - WebDriver start find element -->By.xpath: //a[text()='ADD']
12:35:36.085  INFO  manager.MyListener - WebDriver start find element -->By.cssSelector: [placeholder='Name']
12:35:38.272  INFO  manager.MyListener - WebDriver start find element -->By.cssSelector: [placeholder='Last Name']
12:35:47.929  INFO  manager.MyListener - WebDriver start find element -->By.cssSelector: [placeholder='Phone']
12:35:49.792  INFO  manager.MyListener - WebDriver start find element -->By.cssSelector: [placeholder='email']
12:35:51.033  INFO  manager.MyListener - WebDriver start find element -->By.cssSelector: [placeholder='Address']
12:35:52.852  INFO  manager.MyListener - WebDriver start find element -->By.cssSelector: button b
12:35:54.188  INFO  manager.MyListener - WebDriver start find element -->By.xpath: //a[text()='ADD']
12:35:54.986  INFO  manager.MyListener - WebDriver start find element -->By.cssSelector: [placeholder='Name']
12:35:55.902  INFO  manager.MyListener - WebDriver start find element -->By.cssSelector: [placeholder='Last Name']
12:35:56.627  INFO  manager.MyListener - WebDriver start find element -->By.cssSelector: [placeholder='Phone']
12:35:57.672  INFO  manager.MyListener - WebDriver start find element -->By.cssSelector: [placeholder='email']
12:35:58.556  INFO  manager.MyListener - WebDriver start find element -->By.cssSelector: [placeholder='Address']
12:35:59.261  INFO  manager.MyListener - WebDriver start find element -->By.cssSelector: button b
12:36:00.518  INFO  manager.MyListener - WebDriver start find element -->By.xpath: //a[text()='ADD']
12:36:00.954  INFO  manager.MyListener - WebDriver start find element -->By.cssSelector: [placeholder='Name']
12:36:01.570  INFO  manager.MyListener - WebDriver start find element -->By.cssSelector: [placeholder='Last Name']
12:36:02.291  INFO  manager.MyListener - WebDriver start find element -->By.cssSelector: [placeholder='Phone']
12:36:03.412  INFO  manager.MyListener - WebDriver start find element -->By.cssSelector: [placeholder='email']
12:36:04.385  INFO  manager.MyListener - WebDriver start find element -->By.cssSelector: [placeholder='Address']
12:36:09.531  INFO  manager.MyListener - The name of method with error -->findElement
12:36:09.549  INFO  manager.MyListener - We have a problem ---> org.openqa.selenium.NoSuchElementException: no such element: Unable to locate element: {"method":"css selector","selector":"[placeholder='Address']"}
  (Session info: chrome=103.0.5060.114)
For documentation on this error, please visit: https://selenium.dev/exceptions/#no_such_element
Build info: version: '4.2.2', revision: '683ccb65d6'
System info: host: 'ALEXPC', ip: '192.168.1.108', os.name: 'Windows 8.1', os.arch: 'amd64', os.version: '6.3', java.version: '11.0.15.1'
Driver info: org.openqa.selenium.chrome.ChromeDriver
Command: [99629122560aec362fc6caf6cdc5eb8c, findElement {using=css selector, value=[placeholder='Address']}]
Capabilities {acceptInsecureCerts: false, browserName: chrome, browserVersion: 103.0.5060.114, chrome: {chromedriverVersion: 103.0.5060.53 (a1711811edd7..., userDataDir: C:\Users\alex\AppData\Local...}, goog:chromeOptions: {debuggerAddress: localhost:53033}, networkConnectionEnabled: false, pageLoadStrategy: normal, platformName: WINDOWS, proxy: Proxy(), se:cdp: ws://localhost:53033/devtoo..., se:cdpVersion: 103.0.5060.114, setWindowRect: true, strictFileInteractability: false, timeouts: {implicit: 0, pageLoad: 300000, script: 30000}, unhandledPromptBehavior: dismiss and notify, webauthn:extension:credBlob: true, webauthn:extension:largeBlob: true, webauthn:virtualAuthenticators: true}
Session ID: 99629122560aec362fc6caf6cdc5eb8c
