19:49:51.531  INFO  manager.ApplicationManager - All tests run in Chrome browser
19:49:56.823  INFO  manager.ApplicationManager - Current Url ---> https://contacts-app.tobbymarshall815.vercel.app/home
19:49:57.124  INFO  tests.TestBase - Start method with name --->removeAllContactsSuccess
19:49:57.186  INFO  manager.MyListener - New Before find by --> By.xpath: //button[text()='Sign Out']
19:50:02.346  INFO  manager.MyListener - WebDriver start find element -->By.cssSelector: a[href='/login']
19:50:03.102  INFO  manager.MyListener - WebDriver start find element -->By.xpath: //input[1]
19:50:05.122  INFO  manager.MyListener - WebDriver start find element -->By.xpath: //input[2]
19:50:06.168  INFO  manager.MyListener - WebDriver start find element -->By.xpath: //button[1]
19:50:06.790  INFO  manager.MyListener - New Before find by --> By.cssSelector: .contact-item_card__2SOIM
19:50:11.335  INFO  manager.MyListener - New Before find by --> By.cssSelector: .contact-item_card__2SOIM
19:50:11.713  INFO  manager.MyListener - WebDriver start find element -->By.cssSelector: .contact-item_card__2SOIM
19:50:12.620  INFO  manager.MyListener - WebDriver start find element -->By.xpath: //button[text()='Remove']
19:50:15.513  INFO  manager.MyListener - New Before find by --> By.cssSelector: .contact-item_card__2SOIM
19:50:16.135  INFO  manager.MyListener - WebDriver start find element -->By.cssSelector: .contact-item_card__2SOIM
19:50:16.807  INFO  manager.MyListener - WebDriver start find element -->By.xpath: //button[text()='Remove']
19:50:19.374  INFO  manager.MyListener - New Before find by --> By.cssSelector: .contact-item_card__2SOIM
19:50:19.711  INFO  manager.MyListener - WebDriver start find element -->By.cssSelector: .contact-item_card__2SOIM
19:50:20.098  INFO  manager.MyListener - WebDriver start find element -->By.xpath: //button[text()='Remove']
19:50:22.487  INFO  manager.MyListener - New Before find by --> By.cssSelector: .contact-item_card__2SOIM
19:50:22.600  INFO  manager.MyListener - WebDriver start find element -->By.cssSelector: .contact-item_card__2SOIM
19:50:22.945  INFO  manager.MyListener - WebDriver start find element -->By.xpath: //button[text()='Remove']
19:50:25.603  INFO  manager.MyListener - New Before find by --> By.cssSelector: .contact-item_card__2SOIM
19:50:27.188  INFO  manager.MyListener - WebDriver start find element -->By.cssSelector: .contact-item_card__2SOIM
19:50:27.452  INFO  manager.MyListener - WebDriver start find element -->By.xpath: //button[text()='Remove']
19:50:30.652  INFO  manager.MyListener - New Before find by --> By.cssSelector: .contact-item_card__2SOIM
19:50:35.936  INFO  manager.MyListener - WebDriver start find element -->By.cssSelector: .contact-page_message__2qafk h1
19:50:36.607  INFO  tests.TestBase - Start method with name --->removeOneContactSuccess
19:50:36.614  INFO  manager.MyListener - New Before find by --> By.xpath: //button[text()='Sign Out']
19:50:37.019  INFO  manager.MyListener - New Before find by --> By.cssSelector: .contact-item_card__2SOIM
19:50:40.453  INFO  manager.MyListener - WebDriver start find element -->By.xpath: //a[text()='ADD']
19:50:40.594  INFO  manager.MyListener - The name of method with error -->findElement
19:50:40.651  INFO  manager.MyListener - We have a problem ---> org.openqa.selenium.NoSuchWindowException: no such window: target window already closed
from unknown error: web view not found
  (Session info: chrome=103.0.5060.114)
Build info: version: '4.2.2', revision: '683ccb65d6'
System info: host: 'ALEXPC', ip: '192.168.1.108', os.name: 'Windows 8.1', os.arch: 'amd64', os.version: '6.3', java.version: '11.0.15.1'
Driver info: org.openqa.selenium.chrome.ChromeDriver
Command: [07759fecda265a2a307d8755e06d52b0, findElement {using=xpath, value=//a[text()='ADD']}]
Capabilities {acceptInsecureCerts: false, browserName: chrome, browserVersion: 103.0.5060.114, chrome: {chromedriverVersion: 103.0.5060.53 (a1711811edd7..., userDataDir: C:\Users\alex\AppData\Local...}, goog:chromeOptions: {debuggerAddress: localhost:61368}, networkConnectionEnabled: false, pageLoadStrategy: normal, platformName: WINDOWS, proxy: Proxy(), se:cdp: ws://localhost:61368/devtoo..., se:cdpVersion: 103.0.5060.114, setWindowRect: true, strictFileInteractability: false, timeouts: {implicit: 0, pageLoad: 300000, script: 30000}, unhandledPromptBehavior: dismiss and notify, webauthn:extension:credBlob: true, webauthn:extension:largeBlob: true, webauthn:virtualAuthenticators: true}
Session ID: 07759fecda265a2a307d8755e06d52b0
