19:52:08.241  INFO  manager.ApplicationManager - All tests run in Chrome browser
19:52:14.024  INFO  manager.ApplicationManager - Current Url ---> https://contacts-app.tobbymarshall815.vercel.app/home
19:52:14.468  INFO  tests.TestBase - Start method with name --->removeAllContactsSuccess
19:52:14.480  INFO  manager.MyListener - New Before find by --> By.xpath: //button[text()='Sign Out']
19:52:19.682  INFO  manager.MyListener - WebDriver start find element -->By.cssSelector: a[href='/login']
19:52:20.881  INFO  manager.MyListener - WebDriver start find element -->By.xpath: //input[1]
19:52:22.958  INFO  manager.MyListener - WebDriver start find element -->By.xpath: //input[2]
19:52:24.312  INFO  manager.MyListener - WebDriver start find element -->By.xpath: //button[1]
19:52:24.855  INFO  manager.MyListener - New Before find by --> By.cssSelector: .contact-item_card__2SOIM
19:52:30.931  INFO  manager.MyListener - WebDriver start find element -->By.xpath: //a[text()='ADD']
19:52:31.613  INFO  manager.MyListener - WebDriver start find element -->By.cssSelector: [placeholder='Name']
19:52:33.533  INFO  manager.MyListener - WebDriver start find element -->By.cssSelector: [placeholder='Last Name']
19:52:34.495  INFO  manager.MyListener - WebDriver start find element -->By.cssSelector: [placeholder='Phone']
19:52:42.341  INFO  manager.MyListener - WebDriver start find element -->By.cssSelector: [placeholder='email']
19:52:46.223  INFO  manager.MyListener - WebDriver start find element -->By.cssSelector: [placeholder='Address']
19:52:49.175  INFO  manager.MyListener - WebDriver start find element -->By.cssSelector: button b
19:52:50.882  INFO  manager.MyListener - WebDriver start find element -->By.xpath: //a[text()='ADD']
19:52:51.486  INFO  manager.MyListener - WebDriver start find element -->By.cssSelector: [placeholder='Name']
19:52:52.909  INFO  manager.MyListener - WebDriver start find element -->By.cssSelector: [placeholder='Last Name']
19:52:53.505  INFO  manager.MyListener - WebDriver start find element -->By.cssSelector: [placeholder='Phone']
19:52:54.277  INFO  manager.MyListener - WebDriver start find element -->By.cssSelector: [placeholder='email']
19:52:55.711  INFO  manager.MyListener - WebDriver start find element -->By.cssSelector: [placeholder='Address']
19:52:56.348  INFO  manager.MyListener - WebDriver start find element -->By.cssSelector: button b
19:52:57.672  INFO  manager.MyListener - WebDriver start find element -->By.xpath: //a[text()='ADD']
19:52:58.110  INFO  manager.MyListener - WebDriver start find element -->By.cssSelector: [placeholder='Name']
19:52:58.778  INFO  manager.MyListener - WebDriver start find element -->By.cssSelector: [placeholder='Last Name']
19:52:59.450  INFO  manager.MyListener - WebDriver start find element -->By.cssSelector: [placeholder='Phone']
19:53:00.592  INFO  manager.MyListener - WebDriver start find element -->By.cssSelector: [placeholder='email']
19:53:01.847  INFO  manager.MyListener - WebDriver start find element -->By.cssSelector: [placeholder='Address']
19:53:02.725  INFO  manager.MyListener - WebDriver start find element -->By.cssSelector: button b
19:53:04.928  INFO  manager.MyListener - New Before find by --> By.cssSelector: .contact-item_card__2SOIM
19:53:10.035  INFO  manager.MyListener - WebDriver start find element -->By.cssSelector: .contact-page_message__2qafk h1
19:53:15.149  INFO  manager.MyListener - The name of method with error -->findElement
19:53:15.164  INFO  manager.MyListener - We have a problem ---> org.openqa.selenium.NoSuchElementException: no such element: Unable to locate element: {"method":"css selector","selector":".contact-page_message__2qafk h1"}
  (Session info: chrome=103.0.5060.114)
For documentation on this error, please visit: https://selenium.dev/exceptions/#no_such_element
Build info: version: '4.2.2', revision: '683ccb65d6'
System info: host: 'ALEXPC', ip: '192.168.1.108', os.name: 'Windows 8.1', os.arch: 'amd64', os.version: '6.3', java.version: '11.0.15.1'
Driver info: org.openqa.selenium.chrome.ChromeDriver
Command: [0c6e180b5c2433f908bf1879fb163c68, findElement {using=css selector, value=.contact-page_message__2qafk h1}]
Capabilities {acceptInsecureCerts: false, browserName: chrome, browserVersion: 103.0.5060.114, chrome: {chromedriverVersion: 103.0.5060.53 (a1711811edd7..., userDataDir: C:\Users\alex\AppData\Local...}, goog:chromeOptions: {debuggerAddress: localhost:61566}, networkConnectionEnabled: false, pageLoadStrategy: normal, platformName: WINDOWS, proxy: Proxy(), se:cdp: ws://localhost:61566/devtoo..., se:cdpVersion: 103.0.5060.114, setWindowRect: true, strictFileInteractability: false, timeouts: {implicit: 0, pageLoad: 300000, script: 30000}, unhandledPromptBehavior: dismiss and notify, webauthn:extension:credBlob: true, webauthn:extension:largeBlob: true, webauthn:virtualAuthenticators: true}
Session ID: 0c6e180b5c2433f908bf1879fb163c68
19:53:15.242  INFO  tests.TestBase - Start method with name --->removeOneContactSuccess
19:53:15.250  INFO  manager.MyListener - New Before find by --> By.xpath: //button[text()='Sign Out']
19:53:15.478  INFO  manager.MyListener - New Before find by --> By.cssSelector: .contact-item_card__2SOIM
19:53:17.019  INFO  manager.MyListener - WebDriver start find element -->By.xpath: //a[text()='ADD']
19:53:17.265  INFO  manager.MyListener - WebDriver start find element -->By.cssSelector: [placeholder='Name']
19:53:18.173  INFO  manager.MyListener - WebDriver start find element -->By.cssSelector: [placeholder='Last Name']
19:53:19.266  INFO  manager.MyListener - WebDriver start find element -->By.cssSelector: [placeholder='Phone']
19:53:20.324  INFO  manager.MyListener - WebDriver start find element -->By.cssSelector: [placeholder='email']
19:53:22.229  INFO  manager.MyListener - WebDriver start find element -->By.cssSelector: [placeholder='Address']
19:53:23.447  INFO  manager.MyListener - WebDriver start find element -->By.cssSelector: button b
19:53:25.451  INFO  manager.MyListener - WebDriver start find element -->By.xpath: //a[text()='ADD']
19:53:26.674  INFO  manager.MyListener - WebDriver start find element -->By.cssSelector: [placeholder='Name']
19:53:29.778  INFO  manager.MyListener - WebDriver start find element -->By.cssSelector: [placeholder='Last Name']
19:53:31.140  INFO  manager.MyListener - WebDriver start find element -->By.cssSelector: [placeholder='Phone']
19:53:32.714  INFO  manager.MyListener - WebDriver start find element -->By.cssSelector: [placeholder='email']
19:53:33.873  INFO  manager.MyListener - WebDriver start find element -->By.cssSelector: [placeholder='Address']
19:53:34.997  INFO  manager.MyListener - WebDriver start find element -->By.cssSelector: button b
19:53:36.686  INFO  manager.MyListener - WebDriver start find element -->By.xpath: //a[text()='ADD']
19:53:37.098  INFO  manager.MyListener - WebDriver start find element -->By.cssSelector: [placeholder='Name']
19:53:38.072  INFO  manager.MyListener - WebDriver start find element -->By.cssSelector: [placeholder='Last Name']
19:53:38.735  INFO  manager.MyListener - WebDriver start find element -->By.cssSelector: [placeholder='Phone']
19:53:39.864  INFO  manager.MyListener - WebDriver start find element -->By.cssSelector: [placeholder='email']
19:53:40.820  INFO  manager.MyListener - WebDriver start find element -->By.cssSelector: [placeholder='Address']
19:53:41.373  INFO  manager.MyListener - WebDriver start find element -->By.cssSelector: button b
19:53:41.797  INFO  manager.MyListener - New Before find by --> By.cssSelector: .contact-item_card__2SOIM
19:53:42.980  INFO  manager.HelperBase - Count before remove is 6
19:53:42.982  INFO  manager.MyListener - New Before find by --> By.cssSelector: .contact-item_card__2SOIM
19:53:43.163  INFO  manager.HelperBase - List of Contact not Empty
19:53:43.165  INFO  manager.MyListener - WebDriver start find element -->By.cssSelector: .contact-item_card__2SOIM
19:53:43.503  INFO  manager.MyListener - WebDriver start find element -->By.xpath: //button[text()='Remove']
19:53:45.909  INFO  manager.MyListener - New Before find by --> By.cssSelector: .contact-item_card__2SOIM
19:53:46.118  INFO  manager.HelperBase - Count after remove is 5
