19:33:26.344  INFO  manager.ApplicationManager - All tests run in Chrome browser
19:33:37.088  INFO  manager.ApplicationManager - Current Url ---> https://contacts-app.tobbymarshall815.vercel.app/home
19:33:37.544  INFO  tests.TestBase - Start method with name --->removeAllContactsSuccess
19:33:37.558  INFO  manager.MyListener - New Before find by --> By.xpath: //button[text()='Sign Out']
19:33:42.755  INFO  manager.MyListener - WebDriver start find element -->By.cssSelector: a[href='/login']
19:33:43.731  INFO  manager.MyListener - WebDriver start find element -->By.xpath: //input[1]
19:33:45.140  INFO  manager.MyListener - WebDriver start find element -->By.xpath: //input[2]
19:33:46.429  INFO  manager.MyListener - WebDriver start find element -->By.xpath: //button[1]
19:33:47.014  INFO  manager.MyListener - New Before find by --> By.cssSelector: .contact-item_card__2SOIM
19:33:49.819  INFO  manager.MyListener - New Before find by --> By.cssSelector: .contact-item_card__2SOIM
19:33:50.510  INFO  manager.MyListener - WebDriver start find element -->By.cssSelector: .contact-item_card__2SOIM
19:33:51.110  INFO  manager.MyListener - WebDriver start find element -->By.xpath: //button[text()='Remove']
19:33:54.001  INFO  manager.MyListener - New Before find by --> By.cssSelector: .contact-item_card__2SOIM
19:33:54.526  INFO  manager.MyListener - WebDriver start find element -->By.cssSelector: .contact-item_card__2SOIM
19:33:55.054  INFO  manager.MyListener - WebDriver start find element -->By.xpath: //button[text()='Remove']
19:33:57.496  INFO  manager.MyListener - New Before find by --> By.cssSelector: .contact-item_card__2SOIM
19:33:57.960  INFO  manager.MyListener - WebDriver start find element -->By.cssSelector: .contact-item_card__2SOIM
19:33:58.206  INFO  manager.MyListener - WebDriver start find element -->By.xpath: //button[text()='Remove']
19:34:00.674  INFO  manager.MyListener - New Before find by --> By.cssSelector: .contact-item_card__2SOIM
19:34:01.093  INFO  manager.MyListener - WebDriver start find element -->By.cssSelector: .contact-item_card__2SOIM
19:34:01.508  INFO  manager.MyListener - WebDriver start find element -->By.xpath: //button[text()='Remove']
19:34:04.065  INFO  manager.MyListener - New Before find by --> By.cssSelector: .contact-item_card__2SOIM
19:34:04.491  INFO  manager.MyListener - WebDriver start find element -->By.cssSelector: .contact-item_card__2SOIM
19:34:05.625  INFO  manager.MyListener - WebDriver start find element -->By.xpath: //button[text()='Remove']
19:34:08.533  INFO  manager.MyListener - New Before find by --> By.cssSelector: .contact-item_card__2SOIM
19:34:09.062  INFO  manager.MyListener - WebDriver start find element -->By.cssSelector: .contact-item_card__2SOIM
19:34:09.775  INFO  manager.MyListener - WebDriver start find element -->By.xpath: //button[text()='Remove']
19:34:12.330  INFO  manager.MyListener - New Before find by --> By.cssSelector: .contact-item_card__2SOIM
19:34:12.490  INFO  manager.MyListener - WebDriver start find element -->By.cssSelector: .contact-item_card__2SOIM
19:34:12.890  INFO  manager.MyListener - WebDriver start find element -->By.xpath: //button[text()='Remove']
19:34:15.647  INFO  manager.MyListener - New Before find by --> By.cssSelector: .contact-item_card__2SOIM
19:34:15.805  INFO  manager.MyListener - WebDriver start find element -->By.cssSelector: .contact-item_card__2SOIM
19:34:16.373  INFO  manager.MyListener - WebDriver start find element -->By.xpath: //button[text()='Remove']
19:34:19.600  INFO  manager.MyListener - New Before find by --> By.cssSelector: .contact-item_card__2SOIM
19:34:24.772  INFO  manager.MyListener - WebDriver start find element -->By.cssSelector: .contact-page_message__2qafk h1
19:34:25.106  INFO  tests.TestBase - Start method with name --->removeOneContactSuccess
19:34:25.114  INFO  manager.MyListener - New Before find by --> By.xpath: //button[text()='Sign Out']
19:34:25.178  INFO  manager.MyListener - New Before find by --> By.cssSelector: .contact-item_card__2SOIM
19:34:31.255  INFO  manager.MyListener - WebDriver start find element -->By.xpath: //a[text()='ADD']
19:34:32.606  INFO  manager.MyListener - WebDriver start find element -->By.cssSelector: [placeholder='Name']
19:34:33.886  INFO  manager.MyListener - WebDriver start find element -->By.cssSelector: [placeholder='Last Name']
19:34:35.042  INFO  manager.MyListener - WebDriver start find element -->By.cssSelector: [placeholder='Phone']
19:34:36.075  INFO  manager.MyListener - WebDriver start find element -->By.cssSelector: [placeholder='email']
19:34:37.856  INFO  manager.MyListener - WebDriver start find element -->By.cssSelector: [placeholder='Address']
19:34:38.649  INFO  manager.MyListener - WebDriver start find element -->By.cssSelector: button b
19:34:39.999  INFO  manager.MyListener - WebDriver start find element -->By.xpath: //a[text()='ADD']
19:34:40.433  INFO  manager.MyListener - WebDriver start find element -->By.cssSelector: [placeholder='Name']
19:34:41.074  INFO  manager.MyListener - WebDriver start find element -->By.cssSelector: [placeholder='Last Name']
19:34:41.746  INFO  manager.MyListener - WebDriver start find element -->By.cssSelector: [placeholder='Phone']
19:34:42.687  INFO  manager.MyListener - WebDriver start find element -->By.cssSelector: [placeholder='email']
19:34:43.542  INFO  manager.MyListener - WebDriver start find element -->By.cssSelector: [placeholder='Address']
19:34:44.300  INFO  manager.MyListener - WebDriver start find element -->By.cssSelector: button b
19:34:45.490  INFO  manager.MyListener - WebDriver start find element -->By.xpath: //a[text()='ADD']
19:34:45.780  INFO  manager.MyListener - WebDriver start find element -->By.cssSelector: [placeholder='Name']
19:34:46.395  INFO  manager.MyListener - WebDriver start find element -->By.cssSelector: [placeholder='Last Name']
19:34:47.190  INFO  manager.MyListener - WebDriver start find element -->By.cssSelector: [placeholder='Phone']
19:34:47.493  INFO  manager.MyListener - The name of method with error -->click
19:34:47.513  INFO  manager.MyListener - We have a problem ---> org.openqa.selenium.StaleElementReferenceException: stale element reference: element is not attached to the page document
  (Session info: chrome=103.0.5060.114)
For documentation on this error, please visit: https://selenium.dev/exceptions/#stale_element_reference
Build info: version: '4.2.2', revision: '683ccb65d6'
System info: host: 'ALEXPC', ip: '192.168.1.108', os.name: 'Windows 8.1', os.arch: 'amd64', os.version: '6.3', java.version: '11.0.15.1'
Driver info: org.openqa.selenium.chrome.ChromeDriver
Command: [c5d5a70d1a5c6bf20532aaaa65701df3, clickElement {id=e2dc2243-44d8-4b31-b21c-6ef91019bf77}]
Capabilities {acceptInsecureCerts: false, browserName: chrome, browserVersion: 103.0.5060.114, chrome: {chromedriverVersion: 103.0.5060.53 (a1711811edd7..., userDataDir: C:\Users\alex\AppData\Local...}, goog:chromeOptions: {debuggerAddress: localhost:59790}, networkConnectionEnabled: false, pageLoadStrategy: normal, platformName: WINDOWS, proxy: Proxy(), se:cdp: ws://localhost:59790/devtoo..., se:cdpVersion: 103.0.5060.114, setWindowRect: true, strictFileInteractability: false, timeouts: {implicit: 0, pageLoad: 300000, script: 30000}, unhandledPromptBehavior: dismiss and notify, webauthn:extension:credBlob: true, webauthn:extension:largeBlob: true, webauthn:virtualAuthenticators: true}
Element: [[ChromeDriver: chrome on WINDOWS (c5d5a70d1a5c6bf20532aaaa65701df3)] -> css selector: [placeholder='Phone']]
Session ID: c5d5a70d1a5c6bf20532aaaa65701df3
