19:36:55.883  INFO  manager.ApplicationManager - All tests run in Chrome browser
19:37:05.257  INFO  manager.ApplicationManager - Current Url ---> https://contacts-app.tobbymarshall815.vercel.app/home
19:37:05.569  INFO  tests.TestBase - Start method with name --->removeAllContactsSuccess
19:37:05.603  INFO  manager.MyListener - New Before find by --> By.xpath: //button[text()='Sign Out']
19:37:10.737  INFO  manager.MyListener - WebDriver start find element -->By.cssSelector: a[href='/login']
19:37:11.436  INFO  manager.MyListener - WebDriver start find element -->By.xpath: //input[1]
19:37:13.438  INFO  manager.MyListener - WebDriver start find element -->By.xpath: //input[2]
19:37:14.925  INFO  manager.MyListener - WebDriver start find element -->By.xpath: //button[1]
19:37:16.199  INFO  manager.MyListener - New Before find by --> By.cssSelector: .contact-item_card__2SOIM
19:37:18.991  INFO  manager.MyListener - WebDriver start find element -->By.xpath: //a[text()='ADD']
19:37:19.751  INFO  manager.MyListener - WebDriver start find element -->By.cssSelector: [placeholder='Name']
19:37:21.218  INFO  manager.MyListener - WebDriver start find element -->By.cssSelector: [placeholder='Last Name']
19:37:22.254  INFO  manager.MyListener - WebDriver start find element -->By.cssSelector: [placeholder='Phone']
19:37:23.129  INFO  manager.MyListener - WebDriver start find element -->By.cssSelector: [placeholder='email']
19:37:24.464  INFO  manager.MyListener - WebDriver start find element -->By.cssSelector: [placeholder='Address']
19:37:26.012  INFO  manager.MyListener - WebDriver start find element -->By.cssSelector: button b
19:37:27.552  INFO  manager.MyListener - WebDriver start find element -->By.xpath: //a[text()='ADD']
19:37:28.117  INFO  manager.MyListener - WebDriver start find element -->By.cssSelector: [placeholder='Name']
19:37:29.012  INFO  manager.MyListener - WebDriver start find element -->By.cssSelector: [placeholder='Last Name']
19:37:29.919  INFO  manager.MyListener - WebDriver start find element -->By.cssSelector: [placeholder='Phone']
19:37:30.954  INFO  manager.MyListener - WebDriver start find element -->By.cssSelector: [placeholder='email']
19:37:31.900  INFO  manager.MyListener - WebDriver start find element -->By.cssSelector: [placeholder='Address']
19:37:33.207  INFO  manager.MyListener - WebDriver start find element -->By.cssSelector: button b
19:37:34.584  INFO  manager.MyListener - WebDriver start find element -->By.xpath: //a[text()='ADD']
19:37:35.163  INFO  manager.MyListener - WebDriver start find element -->By.cssSelector: [placeholder='Name']
19:37:36.930  INFO  manager.MyListener - WebDriver start find element -->By.cssSelector: [placeholder='Last Name']
19:37:37.745  INFO  manager.MyListener - WebDriver start find element -->By.cssSelector: [placeholder='Phone']
19:37:39.344  INFO  manager.MyListener - WebDriver start find element -->By.cssSelector: [placeholder='email']
19:37:40.452  INFO  manager.MyListener - WebDriver start find element -->By.cssSelector: [placeholder='Address']
19:37:41.910  INFO  manager.MyListener - WebDriver start find element -->By.cssSelector: button b
19:37:42.267  INFO  manager.MyListener - New Before find by --> By.cssSelector: .contact-item_card__2SOIM
19:37:43.593  INFO  manager.MyListener - WebDriver start find element -->By.cssSelector: .contact-item_card__2SOIM
19:37:44.514  INFO  manager.MyListener - WebDriver start find element -->By.xpath: //button[text()='Remove']
19:37:47.264  INFO  manager.MyListener - New Before find by --> By.cssSelector: .contact-item_card__2SOIM
19:37:47.459  INFO  manager.MyListener - WebDriver start find element -->By.cssSelector: .contact-item_card__2SOIM
19:37:47.706  INFO  manager.MyListener - WebDriver start find element -->By.xpath: //button[text()='Remove']
19:37:50.055  INFO  manager.MyListener - New Before find by --> By.cssSelector: .contact-item_card__2SOIM
19:38:22.070  INFO  manager.MyListener - WebDriver start find element -->By.cssSelector: .contact-item_card__2SOIM
19:38:22.916  INFO  manager.MyListener - WebDriver start find element -->By.xpath: //button[text()='Remove']
19:38:25.489  INFO  manager.MyListener - New Before find by --> By.cssSelector: .contact-item_card__2SOIM
19:38:25.811  INFO  manager.MyListener - WebDriver start find element -->By.cssSelector: .contact-item_card__2SOIM
19:38:26.142  INFO  manager.MyListener - WebDriver start find element -->By.xpath: //button[text()='Remove']
19:38:28.784  INFO  manager.MyListener - New Before find by --> By.cssSelector: .contact-item_card__2SOIM
19:38:28.900  INFO  manager.MyListener - WebDriver start find element -->By.cssSelector: .contact-item_card__2SOIM
19:38:29.341  INFO  manager.MyListener - WebDriver start find element -->By.xpath: //button[text()='Remove']
19:38:31.947  INFO  manager.MyListener - New Before find by --> By.cssSelector: .contact-item_card__2SOIM
19:38:37.118  INFO  manager.MyListener - WebDriver start find element -->By.cssSelector: .contact-page_message__2qafk h1
19:38:37.408  INFO  tests.TestBase - Start method with name --->removeOneContactSuccess
19:38:37.418  INFO  manager.MyListener - New Before find by --> By.xpath: //button[text()='Sign Out']
19:38:37.516  INFO  manager.MyListener - New Before find by --> By.cssSelector: .contact-item_card__2SOIM
19:38:43.602  INFO  manager.MyListener - WebDriver start find element -->By.xpath: //a[text()='ADD']
19:38:43.833  INFO  manager.MyListener - WebDriver start find element -->By.cssSelector: [placeholder='Name']
19:38:45.066  INFO  manager.MyListener - WebDriver start find element -->By.cssSelector: [placeholder='Last Name']
19:38:45.683  INFO  manager.MyListener - WebDriver start find element -->By.cssSelector: [placeholder='Phone']
19:38:46.351  INFO  manager.MyListener - WebDriver start find element -->By.cssSelector: [placeholder='email']
19:38:47.474  INFO  manager.MyListener - WebDriver start find element -->By.cssSelector: [placeholder='Address']
19:38:48.161  INFO  manager.MyListener - WebDriver start find element -->By.cssSelector: button b
19:38:49.484  INFO  manager.MyListener - WebDriver start find element -->By.xpath: //a[text()='ADD']
19:38:49.732  INFO  manager.MyListener - WebDriver start find element -->By.cssSelector: [placeholder='Name']
19:38:50.268  INFO  manager.MyListener - WebDriver start find element -->By.cssSelector: [placeholder='Last Name']
19:38:50.869  INFO  manager.MyListener - WebDriver start find element -->By.cssSelector: [placeholder='Phone']
19:38:51.574  INFO  manager.MyListener - WebDriver start find element -->By.cssSelector: [placeholder='email']
19:38:52.429  INFO  manager.MyListener - WebDriver start find element -->By.cssSelector: [placeholder='Address']
19:38:53.279  INFO  manager.MyListener - WebDriver start find element -->By.cssSelector: button b
19:38:58.404  INFO  manager.MyListener - The name of method with error -->findElement
19:38:58.415  INFO  manager.MyListener - We have a problem ---> org.openqa.selenium.NoSuchElementException: no such element: Unable to locate element: {"method":"css selector","selector":"button b"}
  (Session info: chrome=103.0.5060.114)
For documentation on this error, please visit: https://selenium.dev/exceptions/#no_such_element
Build info: version: '4.2.2', revision: '683ccb65d6'
System info: host: 'ALEXPC', ip: '192.168.1.108', os.name: 'Windows 8.1', os.arch: 'amd64', os.version: '6.3', java.version: '11.0.15.1'
Driver info: org.openqa.selenium.chrome.ChromeDriver
Command: [2b1d25622d5eaa065fc879b59f40d8e1, findElement {using=css selector, value=button b}]
Capabilities {acceptInsecureCerts: false, browserName: chrome, browserVersion: 103.0.5060.114, chrome: {chromedriverVersion: 103.0.5060.53 (a1711811edd7..., userDataDir: C:\Users\alex\AppData\Local...}, goog:chromeOptions: {debuggerAddress: localhost:60239}, networkConnectionEnabled: false, pageLoadStrategy: normal, platformName: WINDOWS, proxy: Proxy(), se:cdp: ws://localhost:60239/devtoo..., se:cdpVersion: 103.0.5060.114, setWindowRect: true, strictFileInteractability: false, timeouts: {implicit: 0, pageLoad: 300000, script: 30000}, unhandledPromptBehavior: dismiss and notify, webauthn:extension:credBlob: true, webauthn:extension:largeBlob: true, webauthn:virtualAuthenticators: true}
Session ID: 2b1d25622d5eaa065fc879b59f40d8e1
