12:56:06.798  INFO  manager.ApplicationManager - All tests run in Chrome browser
12:56:12.475  INFO  manager.ApplicationManager - Current Url ---> https://contacts-app.tobbymarshall815.vercel.app/home
12:56:12.990  INFO  tests.TestBase - Start method with name --->removeAllContactsSuccess
12:56:13.021  INFO  manager.MyListener - New Before find by --> By.xpath: //button[text()='Sign Out']
12:56:18.212  INFO  manager.MyListener - WebDriver start find element -->By.cssSelector: a[href='/login']
12:56:19.361  INFO  manager.MyListener - WebDriver start find element -->By.xpath: //input[1]
12:56:21.299  INFO  manager.MyListener - WebDriver start find element -->By.xpath: //input[2]
12:56:22.238  INFO  manager.MyListener - WebDriver start find element -->By.xpath: //button[1]
12:56:22.873  INFO  manager.MyListener - New Before find by --> By.cssSelector: .contact-item_card__2SOIM
12:56:28.496  INFO  manager.MyListener - WebDriver start find element -->By.xpath: //a[text()='ADD']
12:56:30.612  INFO  manager.MyListener - WebDriver start find element -->By.cssSelector: [placeholder='Name']
12:56:36.482  INFO  manager.MyListener - WebDriver start find element -->By.cssSelector: [placeholder='Last Name']
12:56:38.463  INFO  manager.MyListener - WebDriver start find element -->By.cssSelector: [placeholder='Phone']
12:56:40.583  INFO  manager.MyListener - WebDriver start find element -->By.cssSelector: [placeholder='email']
12:56:42.489  INFO  manager.MyListener - WebDriver start find element -->By.cssSelector: [placeholder='Address']
12:56:44.203  INFO  manager.MyListener - WebDriver start find element -->By.cssSelector: button b
12:56:45.484  INFO  manager.MyListener - WebDriver start find element -->By.xpath: //a[text()='ADD']
12:56:45.993  INFO  manager.MyListener - WebDriver start find element -->By.cssSelector: [placeholder='Name']
12:56:46.324  INFO  manager.MyListener - The name of method with error -->click
12:56:46.347  INFO  manager.MyListener - We have a problem ---> org.openqa.selenium.StaleElementReferenceException: stale element reference: element is not attached to the page document
  (Session info: chrome=103.0.5060.114)
For documentation on this error, please visit: https://selenium.dev/exceptions/#stale_element_reference
Build info: version: '4.2.2', revision: '683ccb65d6'
System info: host: 'ALEXPC', ip: '192.168.1.108', os.name: 'Windows 8.1', os.arch: 'amd64', os.version: '6.3', java.version: '11.0.15.1'
Driver info: org.openqa.selenium.chrome.ChromeDriver
Command: [db909f5594ccc6c63b2800f7d714fa33, clickElement {id=76fc3855-1429-4224-a913-6128cc396a33}]
Capabilities {acceptInsecureCerts: false, browserName: chrome, browserVersion: 103.0.5060.114, chrome: {chromedriverVersion: 103.0.5060.53 (a1711811edd7..., userDataDir: C:\Users\alex\AppData\Local...}, goog:chromeOptions: {debuggerAddress: localhost:59997}, networkConnectionEnabled: false, pageLoadStrategy: normal, platformName: WINDOWS, proxy: Proxy(), se:cdp: ws://localhost:59997/devtoo..., se:cdpVersion: 103.0.5060.114, setWindowRect: true, strictFileInteractability: false, timeouts: {implicit: 0, pageLoad: 300000, script: 30000}, unhandledPromptBehavior: dismiss and notify, webauthn:extension:credBlob: true, webauthn:extension:largeBlob: true, webauthn:virtualAuthenticators: true}
Element: [[ChromeDriver: chrome on WINDOWS (db909f5594ccc6c63b2800f7d714fa33)] -> css selector: [placeholder='Name']]
Session ID: db909f5594ccc6c63b2800f7d714fa33
