12:32:44.637  INFO  manager.ApplicationManager - All tests run in Chrome browser
12:32:51.474  INFO  manager.ApplicationManager - Current Url ---> https://contacts-app.tobbymarshall815.vercel.app/home
12:32:52.191  INFO  tests.TestBase - Start method with name --->addNewContactSuccess
12:32:52.222  INFO  manager.MyListener - New Before find by --> By.xpath: //button[text()='Sign Out']
12:32:57.479  INFO  manager.MyListener - WebDriver start find element -->By.cssSelector: a[href='/login']
12:32:58.680  INFO  manager.MyListener - WebDriver start find element -->By.xpath: //input[1]
12:33:00.487  INFO  manager.MyListener - WebDriver start find element -->By.xpath: //input[2]
12:33:01.930  INFO  manager.MyListener - WebDriver start find element -->By.xpath: //button[1]
12:33:02.774  INFO  tests.TestBase - user
12:33:02.888  INFO  tests.TestBase - Contact is ---> Contact(name=Zoar1428, lastName=Hot, phone=05034255661428, email=zoar@gmail.com, address=Haifa, description=friend)
12:33:03.891  INFO  manager.MyListener - WebDriver start find element -->By.xpath: //a[text()='ADD']
12:33:04.345  INFO  manager.MyListener - WebDriver start find element -->By.cssSelector: [placeholder='Name']
12:33:06.249  INFO  manager.MyListener - WebDriver start find element -->By.cssSelector: [placeholder='Last Name']
12:33:07.729  INFO  manager.MyListener - WebDriver start find element -->By.cssSelector: [placeholder='Phone']
12:33:08.867  INFO  manager.MyListener - WebDriver start find element -->By.cssSelector: [placeholder='email']
12:33:10.375  INFO  manager.MyListener - WebDriver start find element -->By.cssSelector: [placeholder='Address']
12:33:11.544  INFO  manager.MyListener - WebDriver start find element -->By.cssSelector: [placeholder='description']
12:33:12.464  INFO  manager.MyListener - WebDriver start find element -->By.cssSelector: button b
12:33:13.763  INFO  manager.MyListener - New Before find by --> By.cssSelector: h2
12:33:15.486  INFO  tests.TestBase - Check name ---> Zoar1428
12:33:15.487  INFO  manager.MyListener - New Before find by --> By.cssSelector: h3
12:33:16.454  INFO  tests.TestBase - Check phone ---> 05034255661428
12:33:16.467  INFO  tests.TestBase - Start method with name --->addNewContactSuccess
12:33:16.471  INFO  manager.MyListener - New Before find by --> By.xpath: //button[text()='Sign Out']
12:33:16.562  INFO  tests.TestBase - Contact is ---> Contact(name=Zoar1925, lastName=Hot, phone=05034255661925, email=zoar@gmail.com, address=Haifa, description=friend)
12:33:17.577  INFO  manager.MyListener - WebDriver start find element -->By.xpath: //a[text()='ADD']
12:33:18.103  INFO  manager.MyListener - WebDriver start find element -->By.cssSelector: [placeholder='Name']
12:33:19.886  INFO  manager.MyListener - WebDriver start find element -->By.cssSelector: [placeholder='Last Name']
12:33:21.143  INFO  manager.MyListener - WebDriver start find element -->By.cssSelector: [placeholder='Phone']
12:33:23.027  INFO  manager.MyListener - WebDriver start find element -->By.cssSelector: [placeholder='email']
12:33:24.317  INFO  manager.MyListener - WebDriver start find element -->By.cssSelector: [placeholder='Address']
12:33:25.533  INFO  manager.MyListener - WebDriver start find element -->By.cssSelector: [placeholder='description']
12:33:26.612  INFO  manager.MyListener - WebDriver start find element -->By.cssSelector: button b
12:33:26.917  INFO  manager.MyListener - New Before find by --> By.cssSelector: h2
12:33:29.734  INFO  tests.TestBase - Check name ---> Zoar1925
12:33:29.735  INFO  manager.MyListener - New Before find by --> By.cssSelector: h3
12:33:30.398  INFO  tests.TestBase - Check phone ---> 05034255661925
