12:58:15.227  INFO  manager.ApplicationManager - All tests run in Chrome browser
12:58:20.601  INFO  manager.ApplicationManager - Current Url ---> https://contacts-app.tobbymarshall815.vercel.app/home
12:58:20.944  INFO  tests.TestBase - Start method with name --->removeAllContactsSuccess
12:58:20.952  INFO  manager.MyListener - New Before find by --> By.xpath: //button[text()='Sign Out']
12:58:26.107  INFO  manager.MyListener - WebDriver start find element -->By.cssSelector: a[href='/login']
12:58:26.773  INFO  manager.MyListener - WebDriver start find element -->By.xpath: //input[1]
12:58:29.412  INFO  manager.MyListener - WebDriver start find element -->By.xpath: //input[2]
12:58:30.406  INFO  manager.MyListener - WebDriver start find element -->By.xpath: //button[1]
12:58:31.123  INFO  manager.MyListener - New Before find by --> By.cssSelector: .contact-item_card__2SOIM
12:58:33.370  INFO  manager.MyListener - WebDriver start find element -->By.xpath: //a[text()='ADD']
12:58:34.461  INFO  manager.MyListener - WebDriver start find element -->By.cssSelector: [placeholder='Name']
12:58:35.476  INFO  manager.MyListener - WebDriver start find element -->By.cssSelector: [placeholder='Last Name']
12:58:36.768  INFO  manager.MyListener - WebDriver start find element -->By.cssSelector: [placeholder='Phone']
12:58:37.790  INFO  manager.MyListener - WebDriver start find element -->By.cssSelector: [placeholder='email']
12:58:39.769  INFO  manager.MyListener - WebDriver start find element -->By.cssSelector: [placeholder='Address']
12:58:40.738  INFO  manager.MyListener - WebDriver start find element -->By.cssSelector: button b
12:58:42.282  INFO  manager.MyListener - WebDriver start find element -->By.xpath: //a[text()='ADD']
12:58:43.352  INFO  manager.MyListener - WebDriver start find element -->By.cssSelector: [placeholder='Name']
12:58:43.929  INFO  manager.MyListener - The name of method with error -->click
12:58:43.954  INFO  manager.MyListener - We have a problem ---> org.openqa.selenium.StaleElementReferenceException: stale element reference: element is not attached to the page document
  (Session info: chrome=103.0.5060.114)
For documentation on this error, please visit: https://selenium.dev/exceptions/#stale_element_reference
Build info: version: '4.2.2', revision: '683ccb65d6'
System info: host: 'ALEXPC', ip: '192.168.1.108', os.name: 'Windows 8.1', os.arch: 'amd64', os.version: '6.3', java.version: '11.0.15.1'
Driver info: org.openqa.selenium.chrome.ChromeDriver
Command: [fd227a8db930632bd17b546566b416b2, clickElement {id=e4d04f35-db2e-498e-91e0-e44ffcc12869}]
Capabilities {acceptInsecureCerts: false, browserName: chrome, browserVersion: 103.0.5060.114, chrome: {chromedriverVersion: 103.0.5060.53 (a1711811edd7..., userDataDir: C:\Users\alex\AppData\Local...}, goog:chromeOptions: {debuggerAddress: localhost:60168}, networkConnectionEnabled: false, pageLoadStrategy: normal, platformName: WINDOWS, proxy: Proxy(), se:cdp: ws://localhost:60168/devtoo..., se:cdpVersion: 103.0.5060.114, setWindowRect: true, strictFileInteractability: false, timeouts: {implicit: 0, pageLoad: 300000, script: 30000}, unhandledPromptBehavior: dismiss and notify, webauthn:extension:credBlob: true, webauthn:extension:largeBlob: true, webauthn:virtualAuthenticators: true}
Element: [[ChromeDriver: chrome on WINDOWS (fd227a8db930632bd17b546566b416b2)] -> css selector: [placeholder='Name']]
Session ID: fd227a8db930632bd17b546566b416b2
