19:40:54.782  INFO  manager.ApplicationManager - All tests run in Chrome browser
19:41:08.039  INFO  manager.ApplicationManager - Current Url ---> https://contacts-app.tobbymarshall815.vercel.app/home
19:41:08.569  INFO  tests.TestBase - Start method with name --->removeAllContactsSuccess
19:41:08.673  INFO  manager.MyListener - New Before find by --> By.xpath: //button[text()='Sign Out']
19:41:13.820  INFO  manager.MyListener - WebDriver start find element -->By.cssSelector: a[href='/login']
19:41:15.126  INFO  manager.MyListener - WebDriver start find element -->By.xpath: //input[1]
19:41:17.008  INFO  manager.MyListener - WebDriver start find element -->By.xpath: //input[2]
19:41:18.022  INFO  manager.MyListener - WebDriver start find element -->By.xpath: //button[1]
19:41:27.128  INFO  manager.MyListener - New Before find by --> By.cssSelector: .contact-item_card__2SOIM
19:41:31.930  INFO  manager.MyListener - WebDriver start find element -->By.xpath: //a[text()='ADD']
19:41:33.129  INFO  manager.MyListener - WebDriver start find element -->By.cssSelector: [placeholder='Name']
19:41:33.935  INFO  manager.MyListener - WebDriver start find element -->By.cssSelector: [placeholder='Last Name']
19:41:35.261  INFO  manager.MyListener - WebDriver start find element -->By.cssSelector: [placeholder='Phone']
19:41:36.490  INFO  manager.MyListener - WebDriver start find element -->By.cssSelector: [placeholder='email']
19:41:37.742  INFO  manager.MyListener - WebDriver start find element -->By.cssSelector: [placeholder='Address']
19:41:39.030  INFO  manager.MyListener - WebDriver start find element -->By.cssSelector: button b
19:41:40.647  INFO  manager.MyListener - WebDriver start find element -->By.xpath: //a[text()='ADD']
19:41:41.232  INFO  manager.MyListener - WebDriver start find element -->By.cssSelector: [placeholder='Name']
19:41:43.530  INFO  manager.MyListener - WebDriver start find element -->By.cssSelector: [placeholder='Last Name']
19:41:48.764  INFO  manager.MyListener - The name of method with error -->findElement
19:41:48.783  INFO  manager.MyListener - We have a problem ---> org.openqa.selenium.NoSuchElementException: no such element: Unable to locate element: {"method":"css selector","selector":"[placeholder='Last Name']"}
  (Session info: chrome=103.0.5060.114)
For documentation on this error, please visit: https://selenium.dev/exceptions/#no_such_element
Build info: version: '4.2.2', revision: '683ccb65d6'
System info: host: 'ALEXPC', ip: '192.168.1.108', os.name: 'Windows 8.1', os.arch: 'amd64', os.version: '6.3', java.version: '11.0.15.1'
Driver info: org.openqa.selenium.chrome.ChromeDriver
Command: [556bc1033325c98a6f96465303540614, findElement {using=css selector, value=[placeholder='Last Name']}]
Capabilities {acceptInsecureCerts: false, browserName: chrome, browserVersion: 103.0.5060.114, chrome: {chromedriverVersion: 103.0.5060.53 (a1711811edd7..., userDataDir: C:\Users\alex\AppData\Local...}, goog:chromeOptions: {debuggerAddress: localhost:60509}, networkConnectionEnabled: false, pageLoadStrategy: normal, platformName: WINDOWS, proxy: Proxy(), se:cdp: ws://localhost:60509/devtoo..., se:cdpVersion: 103.0.5060.114, setWindowRect: true, strictFileInteractability: false, timeouts: {implicit: 0, pageLoad: 300000, script: 30000}, unhandledPromptBehavior: dismiss and notify, webauthn:extension:credBlob: true, webauthn:extension:largeBlob: true, webauthn:virtualAuthenticators: true}
Session ID: 556bc1033325c98a6f96465303540614
