19:46:48.667  INFO  manager.ApplicationManager - All tests run in Chrome browser
19:46:59.563  INFO  manager.ApplicationManager - Current Url ---> https://contacts-app.tobbymarshall815.vercel.app/home
19:47:00.023  INFO  tests.TestBase - Start method with name --->removeAllContactsSuccess
19:47:00.050  INFO  manager.MyListener - New Before find by --> By.xpath: //button[text()='Sign Out']
19:47:05.257  INFO  manager.MyListener - WebDriver start find element -->By.cssSelector: a[href='/login']
19:47:06.414  INFO  manager.MyListener - WebDriver start find element -->By.xpath: //input[1]
19:47:08.987  INFO  manager.MyListener - WebDriver start find element -->By.xpath: //input[2]
19:47:10.932  INFO  manager.MyListener - WebDriver start find element -->By.xpath: //button[1]
19:47:12.521  INFO  manager.MyListener - New Before find by --> By.cssSelector: .contact-item_card__2SOIM
19:47:18.613  INFO  manager.MyListener - WebDriver start find element -->By.xpath: //a[text()='ADD']
19:47:21.260  INFO  manager.MyListener - WebDriver start find element -->By.cssSelector: [placeholder='Name']
19:47:23.011  INFO  manager.MyListener - WebDriver start find element -->By.cssSelector: [placeholder='Last Name']
19:47:25.664  INFO  manager.MyListener - WebDriver start find element -->By.cssSelector: [placeholder='Phone']
19:47:27.487  INFO  manager.MyListener - WebDriver start find element -->By.cssSelector: [placeholder='email']
19:47:32.977  INFO  manager.MyListener - WebDriver start find element -->By.cssSelector: [placeholder='Address']
19:47:34.743  INFO  manager.MyListener - WebDriver start find element -->By.cssSelector: button b
19:47:36.689  INFO  manager.MyListener - WebDriver start find element -->By.xpath: //a[text()='ADD']
19:47:37.364  INFO  manager.MyListener - WebDriver start find element -->By.cssSelector: [placeholder='Name']
19:47:39.121  INFO  manager.MyListener - WebDriver start find element -->By.cssSelector: [placeholder='Last Name']
19:47:40.071  INFO  manager.MyListener - WebDriver start find element -->By.cssSelector: [placeholder='Phone']
19:47:41.181  INFO  manager.MyListener - WebDriver start find element -->By.cssSelector: [placeholder='email']
19:47:41.802  INFO  manager.MyListener - The name of method with error -->click
19:47:41.870  INFO  manager.MyListener - We have a problem ---> org.openqa.selenium.StaleElementReferenceException: stale element reference: element is not attached to the page document
  (Session info: chrome=103.0.5060.114)
For documentation on this error, please visit: https://selenium.dev/exceptions/#stale_element_reference
Build info: version: '4.2.2', revision: '683ccb65d6'
System info: host: 'ALEXPC', ip: '192.168.1.108', os.name: 'Windows 8.1', os.arch: 'amd64', os.version: '6.3', java.version: '11.0.15.1'
Driver info: org.openqa.selenium.chrome.ChromeDriver
Command: [be1465c871d8fef366c575ad194227d4, clickElement {id=aa594beb-8595-4c6e-bd71-f27fb1abc066}]
Capabilities {acceptInsecureCerts: false, browserName: chrome, browserVersion: 103.0.5060.114, chrome: {chromedriverVersion: 103.0.5060.53 (a1711811edd7..., userDataDir: C:\Users\alex\AppData\Local...}, goog:chromeOptions: {debuggerAddress: localhost:60939}, networkConnectionEnabled: false, pageLoadStrategy: normal, platformName: WINDOWS, proxy: Proxy(), se:cdp: ws://localhost:60939/devtoo..., se:cdpVersion: 103.0.5060.114, setWindowRect: true, strictFileInteractability: false, timeouts: {implicit: 0, pageLoad: 300000, script: 30000}, unhandledPromptBehavior: dismiss and notify, webauthn:extension:credBlob: true, webauthn:extension:largeBlob: true, webauthn:virtualAuthenticators: true}
Element: [[ChromeDriver: chrome on WINDOWS (be1465c871d8fef366c575ad194227d4)] -> css selector: [placeholder='email']]
Session ID: be1465c871d8fef366c575ad194227d4
